<?xml version="1.0" encoding="UTF-8"?>
<!-- Generated by org.testng.reporters.JUnitReportReporter -->
<testsuite hostname="LAPTOP-11VVCFEC" failures="0" tests="2" name="day1" time="0.008" errors="0" timestamp="2020-03-03T12:17:23 GMT" skipped="0">
  <testcase classname="day1" name="SecondTest" time="0.003"/>
  <testcase classname="day1" name="Demo" time="0.005"/>
</testsuite> <!-- day1 -->
