<?xml version="1.0" encoding="UTF-8"?>
<!-- Generated by org.testng.reporters.JUnitReportReporter -->
<testsuite hostname="LAPTOP-11VVCFEC" failures="0" tests="3" name="TestEmployeeDetails" time="0.031" errors="0" timestamp="2020-03-03T11:40:34 GMT" skipped="0">
  <testcase classname="TestEmployeeDetails" name="testCalculateAppriasal" time="0.028"/>
  <testcase classname="TestEmployeeDetails" name="testYearlySalaryExample" time="0.001"/>
  <testcase classname="TestEmployeeDetails" name="testCalculateYearlySalary" time="0.002"/>
</testsuite> <!-- TestEmployeeDetails -->
