<?xml version="1.0" encoding="UTF-8"?>
<!-- Generated by org.testng.reporters.JUnitReportReporter -->
<testsuite hostname="LAPTOP-11VVCFEC" failures="0" tests="2" name="testNGexample.day1" time="0.018" errors="0" timestamp="2020-03-03T11:54:52 GMT" skipped="0">
  <testcase classname="testNGexample.day1" name="SecondTest" time="0.001"/>
  <testcase classname="testNGexample.day1" name="Demo" time="0.017"/>
</testsuite> <!-- testNGexample.day1 -->
