<?xml version="1.0" encoding="UTF-8"?>
<!-- Generated by org.testng.reporters.JUnitReportReporter -->
<testsuite hostname="LAPTOP-11VVCFEC" failures="0" tests="2" name="TestEmployeeDetails" time="0.040" errors="0" timestamp="2020-03-03T11:07:06 GMT" skipped="0">
  <testcase classname="TestEmployeeDetails" name="testCalculateAppriasal" time="0.038"/>
  <testcase classname="TestEmployeeDetails" name="testCalculateYearlySalary" time="0.002"/>
</testsuite> <!-- TestEmployeeDetails -->
